<?xml version="1.0" encoding="UTF-8"?>
<testng-results skipped="0" failed="0" total="4" passed="4">
  <reporter-output>
    <line>
      <![CDATA[2]]>
    </line>
    <line>
      <![CDATA[1]]>
    </line>
    <line>
      <![CDATA[1]]>
    </line>
    <line>
      <![CDATA[1]]>
    </line>
  </reporter-output>
  <suite name="Default suite" duration-ms="70" started-at="2021-12-29T09:34:57Z" finished-at="2021-12-29T09:34:57Z">
    <groups>
    </groups>
    <test name="Default test" duration-ms="70" started-at="2021-12-29T09:34:57Z" finished-at="2021-12-29T09:34:57Z">
      <class name="practice.practice.PriorityTest">
        <test-method status="PASS" signature="test1()[pri:0, instance:practice.practice.PriorityTest@6d00a15d]" name="test1" duration-ms="20" started-at="2021-12-29T15:04:57Z" finished-at="2021-12-29T15:04:57Z">
          <reporter-output>
            <line>
              <![CDATA[2]]>
            </line>
          </reporter-output>
        </test-method> <!-- test1 -->
        <test-method status="PASS" signature="test()[pri:1, instance:practice.practice.PriorityTest@6d00a15d]" name="test" duration-ms="8" started-at="2021-12-29T15:04:57Z" finished-at="2021-12-29T15:04:57Z">
          <reporter-output>
            <line>
              <![CDATA[1]]>
            </line>
          </reporter-output>
        </test-method> <!-- test -->
        <test-method status="PASS" signature="test()[pri:1, instance:practice.practice.PriorityTest@6d00a15d]" name="test" duration-ms="8" started-at="2021-12-29T15:04:57Z" finished-at="2021-12-29T15:04:57Z">
          <reporter-output>
            <line>
              <![CDATA[1]]>
            </line>
          </reporter-output>
        </test-method> <!-- test -->
        <test-method status="PASS" signature="test()[pri:1, instance:practice.practice.PriorityTest@6d00a15d]" name="test" duration-ms="0" started-at="2021-12-29T15:04:57Z" finished-at="2021-12-29T15:04:57Z">
          <reporter-output>
            <line>
              <![CDATA[1]]>
            </line>
          </reporter-output>
        </test-method> <!-- test -->
      </class> <!-- practice.practice.PriorityTest -->
    </test> <!-- Default test -->
  </suite> <!-- Default suite -->
</testng-results>
